<?xml version="1.0" encoding="UTF-8"?>
<!-- Generated by org.testng.reporters.JUnitXMLReporter -->
<testsuite ignored="0" hostname="DESKTOP-S0STNTD" failures="0" tests="12" name="Test" time="392.061" errors="0" timestamp="2024-11-28T16:00:40 IST">
  <testcase classname="BatchExecution.TestCcase8" name="Easemytrip" time="33.377"/>
  <testcase classname="BatchExecution.TestCcase9" name="Makemytrip" time="18.29"/>
  <testcase classname="BatchExecution.TestCcase3" name="Flipkart" time="17.199"/>
  <testcase classname="BatchExecution.TestCcase4" name="Amazon" time="28.234"/>
  <testcase classname="BatchExecution.TestCcase5" name="Qspiders" time="47.157"/>
  <testcase classname="BatchExecution.TestCcase6" name="Myntra" time="24.43"/>
  <testcase classname="BatchExecution.TestCcase11" name="adidas" time="25.492"/>
  <testcase classname="BatchExecution.TestCcase12" name="nike" time="5.471"/>
  <testcase classname="BatchExecution.TestCcase1" name="honda" time="77.612"/>
  <testcase classname="BatchExecution.TestCcase1" name="kawasaki" time="38.038"/>
  <testcase classname="BatchExecution.TestCcase1" name="royal" time="43.996"/>
  <testcase classname="BatchExecution.TestCcase2" name="puma" time="32.025"/>
</testsuite> <!-- Test -->
